<?xml version="1.0" encoding="UTF-8"?>
<testsuites>
  <testsuite name="/home/fedora/polling/phpunit.xml" tests="117" assertions="460" errors="0" failures="0" skipped="0" time="1.576164">
    <testsuite name="Unit" tests="1" assertions="1" errors="0" failures="0" skipped="0" time="0.006959">
      <testsuite name="Tests\Unit\ExampleTest" file="tests/Unit/ExampleTest.php" tests="1" assertions="1" errors="0" failures="0" skipped="0" time="0.006959">
        <testcase name="that true is true" file="tests/Unit/ExampleTest.php::that true is true" class="Tests\Unit\ExampleTest" classname="Tests.Unit.ExampleTest" assertions="1" time="0.006959"/>
      </testsuite>
    </testsuite>
    <testsuite name="Feature" tests="116" assertions="459" errors="0" failures="0" skipped="0" time="1.569205">
      <testsuite name="Tests\Feature\ApiEndpointsTest" file="Api Endpoints (Tests\Feature\ApiEndpoints)" tests="45" assertions="102" errors="0" failures="0" skipped="0" time="0.770512">
        <testcase name="Auth register" file="Api Endpoints (Tests\Feature\ApiEndpoints)::Auth register" class="Tests\Feature\ApiEndpointsTest" classname="Tests.Feature.ApiEndpointsTest" assertions="8" time="0.321849"/>
        <testcase name="Auth login" file="Api Endpoints (Tests\Feature\ApiEndpoints)::Auth login" class="Tests\Feature\ApiEndpointsTest" classname="Tests.Feature.ApiEndpointsTest" assertions="2" time="0.009130"/>
        <testcase name="Auth me" file="Api Endpoints (Tests\Feature\ApiEndpoints)::Auth me" class="Tests\Feature\ApiEndpointsTest" classname="Tests.Feature.ApiEndpointsTest" assertions="4" time="0.008576"/>
        <testcase name="Auth logout" file="Api Endpoints (Tests\Feature\ApiEndpoints)::Auth logout" class="Tests\Feature\ApiEndpointsTest" classname="Tests.Feature.ApiEndpointsTest" assertions="1" time="0.007193"/>
        <testcase name="Auth google login" file="Api Endpoints (Tests\Feature\ApiEndpoints)::Auth google login" class="Tests\Feature\ApiEndpointsTest" classname="Tests.Feature.ApiEndpointsTest" assertions="1" time="0.009736"/>
        <testcase name="Templates index" file="Api Endpoints (Tests\Feature\ApiEndpoints)::Templates index" class="Tests\Feature\ApiEndpointsTest" classname="Tests.Feature.ApiEndpointsTest" assertions="2" time="0.010928"/>
        <testcase name="Templates store" file="Api Endpoints (Tests\Feature\ApiEndpoints)::Templates store" class="Tests\Feature\ApiEndpointsTest" classname="Tests.Feature.ApiEndpointsTest" assertions="6" time="0.009497"/>
        <testcase name="Templates show" file="Api Endpoints (Tests\Feature\ApiEndpoints)::Templates show" class="Tests\Feature\ApiEndpointsTest" classname="Tests.Feature.ApiEndpointsTest" assertions="3" time="0.009595"/>
        <testcase name="Templates update" file="Api Endpoints (Tests\Feature\ApiEndpoints)::Templates update" class="Tests\Feature\ApiEndpointsTest" classname="Tests.Feature.ApiEndpointsTest" assertions="2" time="0.011324"/>
        <testcase name="Templates destroy" file="Api Endpoints (Tests\Feature\ApiEndpoints)::Templates destroy" class="Tests\Feature\ApiEndpointsTest" classname="Tests.Feature.ApiEndpointsTest" assertions="1" time="0.007906"/>
        <testcase name="Templates public" file="Api Endpoints (Tests\Feature\ApiEndpoints)::Templates public" class="Tests\Feature\ApiEndpointsTest" classname="Tests.Feature.ApiEndpointsTest" assertions="2" time="0.008205"/>
        <testcase name="Templates my" file="Api Endpoints (Tests\Feature\ApiEndpoints)::Templates my" class="Tests\Feature\ApiEndpointsTest" classname="Tests.Feature.ApiEndpointsTest" assertions="2" time="0.008934"/>
        <testcase name="Templates fork" file="Api Endpoints (Tests\Feature\ApiEndpoints)::Templates fork" class="Tests\Feature\ApiEndpointsTest" classname="Tests.Feature.ApiEndpointsTest" assertions="3" time="0.008721"/>
        <testcase name="Templates versions" file="Api Endpoints (Tests\Feature\ApiEndpoints)::Templates versions" class="Tests\Feature\ApiEndpointsTest" classname="Tests.Feature.ApiEndpointsTest" assertions="2" time="0.009153"/>
        <testcase name="Templates create version" file="Api Endpoints (Tests\Feature\ApiEndpoints)::Templates create version" class="Tests\Feature\ApiEndpointsTest" classname="Tests.Feature.ApiEndpointsTest" assertions="3" time="0.008641"/>
        <testcase name="Templates restore version" file="Api Endpoints (Tests\Feature\ApiEndpoints)::Templates restore version" class="Tests\Feature\ApiEndpointsTest" classname="Tests.Feature.ApiEndpointsTest" assertions="3" time="0.008633"/>
        <testcase name="Surveys index" file="Api Endpoints (Tests\Feature\ApiEndpoints)::Surveys index" class="Tests\Feature\ApiEndpointsTest" classname="Tests.Feature.ApiEndpointsTest" assertions="2" time="0.017649"/>
        <testcase name="Surveys store" file="Api Endpoints (Tests\Feature\ApiEndpoints)::Surveys store" class="Tests\Feature\ApiEndpointsTest" classname="Tests.Feature.ApiEndpointsTest" assertions="4" time="0.009497"/>
        <testcase name="Surveys show" file="Api Endpoints (Tests\Feature\ApiEndpoints)::Surveys show" class="Tests\Feature\ApiEndpointsTest" classname="Tests.Feature.ApiEndpointsTest" assertions="3" time="0.011078"/>
        <testcase name="Surveys update" file="Api Endpoints (Tests\Feature\ApiEndpoints)::Surveys update" class="Tests\Feature\ApiEndpointsTest" classname="Tests.Feature.ApiEndpointsTest" assertions="2" time="0.009957"/>
        <testcase name="Surveys destroy" file="Api Endpoints (Tests\Feature\ApiEndpoints)::Surveys destroy" class="Tests\Feature\ApiEndpointsTest" classname="Tests.Feature.ApiEndpointsTest" assertions="1" time="0.018169"/>
        <testcase name="Surveys active" file="Api Endpoints (Tests\Feature\ApiEndpoints)::Surveys active" class="Tests\Feature\ApiEndpointsTest" classname="Tests.Feature.ApiEndpointsTest" assertions="2" time="0.010782"/>
        <testcase name="Surveys my" file="Api Endpoints (Tests\Feature\ApiEndpoints)::Surveys my" class="Tests\Feature\ApiEndpointsTest" classname="Tests.Feature.ApiEndpointsTest" assertions="2" time="0.010811"/>
        <testcase name="Surveys by status" file="Api Endpoints (Tests\Feature\ApiEndpoints)::Surveys by status" class="Tests\Feature\ApiEndpointsTest" classname="Tests.Feature.ApiEndpointsTest" assertions="2" time="0.010499"/>
        <testcase name="Surveys by template" file="Api Endpoints (Tests\Feature\ApiEndpoints)::Surveys by template" class="Tests\Feature\ApiEndpointsTest" classname="Tests.Feature.ApiEndpointsTest" assertions="2" time="0.011184"/>
        <testcase name="Surveys publish" file="Api Endpoints (Tests\Feature\ApiEndpoints)::Surveys publish" class="Tests\Feature\ApiEndpointsTest" classname="Tests.Feature.ApiEndpointsTest" assertions="1" time="0.009678"/>
        <testcase name="Surveys archive" file="Api Endpoints (Tests\Feature\ApiEndpoints)::Surveys archive" class="Tests\Feature\ApiEndpointsTest" classname="Tests.Feature.ApiEndpointsTest" assertions="1" time="0.010010"/>
        <testcase name="Surveys duplicate" file="Api Endpoints (Tests\Feature\ApiEndpoints)::Surveys duplicate" class="Tests\Feature\ApiEndpointsTest" classname="Tests.Feature.ApiEndpointsTest" assertions="3" time="0.011842"/>
        <testcase name="Survey pages index" file="Api Endpoints (Tests\Feature\ApiEndpoints)::Survey pages index" class="Tests\Feature\ApiEndpointsTest" classname="Tests.Feature.ApiEndpointsTest" assertions="2" time="0.009991"/>
        <testcase name="Survey pages store" file="Api Endpoints (Tests\Feature\ApiEndpoints)::Survey pages store" class="Tests\Feature\ApiEndpointsTest" classname="Tests.Feature.ApiEndpointsTest" assertions="3" time="0.010130"/>
        <testcase name="Survey pages show" file="Api Endpoints (Tests\Feature\ApiEndpoints)::Survey pages show" class="Tests\Feature\ApiEndpointsTest" classname="Tests.Feature.ApiEndpointsTest" assertions="3" time="0.010199"/>
        <testcase name="Survey pages update" file="Api Endpoints (Tests\Feature\ApiEndpoints)::Survey pages update" class="Tests\Feature\ApiEndpointsTest" classname="Tests.Feature.ApiEndpointsTest" assertions="2" time="0.010266"/>
        <testcase name="Survey pages destroy" file="Api Endpoints (Tests\Feature\ApiEndpoints)::Survey pages destroy" class="Tests\Feature\ApiEndpointsTest" classname="Tests.Feature.ApiEndpointsTest" assertions="1" time="0.009451"/>
        <testcase name="Survey pages reorder" file="Api Endpoints (Tests\Feature\ApiEndpoints)::Survey pages reorder" class="Tests\Feature\ApiEndpointsTest" classname="Tests.Feature.ApiEndpointsTest" assertions="1" time="0.011188"/>
        <testcase name="Questions index" file="Api Endpoints (Tests\Feature\ApiEndpoints)::Questions index" class="Tests\Feature\ApiEndpointsTest" classname="Tests.Feature.ApiEndpointsTest" assertions="2" time="0.010834"/>
        <testcase name="Questions store" file="Api Endpoints (Tests\Feature\ApiEndpoints)::Questions store" class="Tests\Feature\ApiEndpointsTest" classname="Tests.Feature.ApiEndpointsTest" assertions="4" time="0.009987"/>
        <testcase name="Questions show" file="Api Endpoints (Tests\Feature\ApiEndpoints)::Questions show" class="Tests\Feature\ApiEndpointsTest" classname="Tests.Feature.ApiEndpointsTest" assertions="3" time="0.009902"/>
        <testcase name="Questions update" file="Api Endpoints (Tests\Feature\ApiEndpoints)::Questions update" class="Tests\Feature\ApiEndpointsTest" classname="Tests.Feature.ApiEndpointsTest" assertions="2" time="0.010696"/>
        <testcase name="Questions destroy" file="Api Endpoints (Tests\Feature\ApiEndpoints)::Questions destroy" class="Tests\Feature\ApiEndpointsTest" classname="Tests.Feature.ApiEndpointsTest" assertions="1" time="0.016159"/>
        <testcase name="Questions by type is removed" file="Api Endpoints (Tests\Feature\ApiEndpoints)::Questions by type is removed" class="Tests\Feature\ApiEndpointsTest" classname="Tests.Feature.ApiEndpointsTest" assertions="1" time="0.010454"/>
        <testcase name="Questions reorder" file="Api Endpoints (Tests\Feature\ApiEndpoints)::Questions reorder" class="Tests\Feature\ApiEndpointsTest" classname="Tests.Feature.ApiEndpointsTest" assertions="1" time="0.010321"/>
        <testcase name="Unauthorized access" file="Api Endpoints (Tests\Feature\ApiEndpoints)::Unauthorized access" class="Tests\Feature\ApiEndpointsTest" classname="Tests.Feature.ApiEndpointsTest" assertions="1" time="0.007567"/>
        <testcase name="Forbidden access" file="Api Endpoints (Tests\Feature\ApiEndpoints)::Forbidden access" class="Tests\Feature\ApiEndpointsTest" classname="Tests.Feature.ApiEndpointsTest" assertions="1" time="0.008037"/>
        <testcase name="Not found" file="Api Endpoints (Tests\Feature\ApiEndpoints)::Not found" class="Tests\Feature\ApiEndpointsTest" classname="Tests.Feature.ApiEndpointsTest" assertions="1" time="0.007764"/>
        <testcase name="Validation errors" file="Api Endpoints (Tests\Feature\ApiEndpoints)::Validation errors" class="Tests\Feature\ApiEndpointsTest" classname="Tests.Feature.ApiEndpointsTest" assertions="3" time="0.008394"/>
      </testsuite>
      <testsuite name="Tests\Feature\ChoiceManagementTest" file="Choice Management (Tests\Feature\ChoiceManagement)" tests="9" assertions="34" errors="0" failures="0" skipped="0" time="0.104955">
        <testcase name="Can create choice" file="Choice Management (Tests\Feature\ChoiceManagement)::Can create choice" class="Tests\Feature\ChoiceManagementTest" classname="Tests.Feature.ChoiceManagementTest" assertions="10" time="0.025922"/>
        <testcase name="Can update choice" file="Choice Management (Tests\Feature\ChoiceManagement)::Can update choice" class="Tests\Feature\ChoiceManagementTest" classname="Tests.Feature.ChoiceManagementTest" assertions="3" time="0.009991"/>
        <testcase name="Can delete choice" file="Choice Management (Tests\Feature\ChoiceManagement)::Can delete choice" class="Tests\Feature\ChoiceManagementTest" classname="Tests.Feature.ChoiceManagementTest" assertions="2" time="0.008765"/>
        <testcase name="Can get choices by question" file="Choice Management (Tests\Feature\ChoiceManagement)::Can get choices by question" class="Tests\Feature\ChoiceManagementTest" classname="Tests.Feature.ChoiceManagementTest" assertions="2" time="0.010166"/>
        <testcase name="Can reorder choices" file="Choice Management (Tests\Feature\ChoiceManagement)::Can reorder choices" class="Tests\Feature\ChoiceManagementTest" classname="Tests.Feature.ChoiceManagementTest" assertions="4" time="0.009174"/>
        <testcase name="Choice validation rules" file="Choice Management (Tests\Feature\ChoiceManagement)::Choice validation rules" class="Tests\Feature\ChoiceManagementTest" classname="Tests.Feature.ChoiceManagementTest" assertions="7" time="0.010099"/>
        <testcase name="Choice authorization" file="Choice Management (Tests\Feature\ChoiceManagement)::Choice authorization" class="Tests\Feature\ChoiceManagementTest" classname="Tests.Feature.ChoiceManagementTest" assertions="3" time="0.013882"/>
        <testcase name="Choice not found" file="Choice Management (Tests\Feature\ChoiceManagement)::Choice not found" class="Tests\Feature\ChoiceManagementTest" classname="Tests.Feature.ChoiceManagementTest" assertions="1" time="0.007901"/>
        <testcase name="Choice belongs to multiple choice question" file="Choice Management (Tests\Feature\ChoiceManagement)::Choice belongs to multiple choice question" class="Tests\Feature\ChoiceManagementTest" classname="Tests.Feature.ChoiceManagementTest" assertions="2" time="0.009056"/>
      </testsuite>
      <testsuite name="Tests\Feature\CrudSmokeTest" file="Crud Smoke (Tests\Feature\CrudSmoke)" tests="1" assertions="7" errors="0" failures="0" skipped="0" time="0.015558">
        <testcase name="User template survey crud flow" file="Crud Smoke (Tests\Feature\CrudSmoke)::User template survey crud flow" class="Tests\Feature\CrudSmokeTest" classname="Tests.Feature.CrudSmokeTest" assertions="7" time="0.015558"/>
      </testsuite>
      <testsuite name="Tests\Feature\EnhancedMediaSystemTest" file="Enhanced Media System (Tests\Feature\EnhancedMediaSystem)" tests="18" assertions="58" errors="0" failures="0" skipped="0" time="0.214127">
        <testcase name="Can upload media to survey" file="Enhanced Media System (Tests\Feature\EnhancedMediaSystem)::Can upload media to survey" class="Tests\Feature\EnhancedMediaSystemTest" classname="Tests.Feature.EnhancedMediaSystemTest" assertions="22" time="0.038817"/>
        <testcase name="Can upload media to survey page" file="Enhanced Media System (Tests\Feature\EnhancedMediaSystem)::Can upload media to survey page" class="Tests\Feature\EnhancedMediaSystemTest" classname="Tests.Feature.EnhancedMediaSystemTest" assertions="2" time="0.010034"/>
        <testcase name="Can upload media to question" file="Enhanced Media System (Tests\Feature\EnhancedMediaSystem)::Can upload media to question" class="Tests\Feature\EnhancedMediaSystemTest" classname="Tests.Feature.EnhancedMediaSystemTest" assertions="2" time="0.012191"/>
        <testcase name="Can upload media to choice" file="Enhanced Media System (Tests\Feature\EnhancedMediaSystem)::Can upload media to choice" class="Tests\Feature\EnhancedMediaSystemTest" classname="Tests.Feature.EnhancedMediaSystemTest" assertions="2" time="0.010386"/>
        <testcase name="Can get media for survey" file="Enhanced Media System (Tests\Feature\EnhancedMediaSystem)::Can get media for survey" class="Tests\Feature\EnhancedMediaSystemTest" classname="Tests.Feature.EnhancedMediaSystemTest" assertions="1" time="0.012691"/>
        <testcase name="Can get media for survey page" file="Enhanced Media System (Tests\Feature\EnhancedMediaSystem)::Can get media for survey page" class="Tests\Feature\EnhancedMediaSystemTest" classname="Tests.Feature.EnhancedMediaSystemTest" assertions="1" time="0.009603"/>
        <testcase name="Can get media for question" file="Enhanced Media System (Tests\Feature\EnhancedMediaSystem)::Can get media for question" class="Tests\Feature\EnhancedMediaSystemTest" classname="Tests.Feature.EnhancedMediaSystemTest" assertions="1" time="0.010936"/>
        <testcase name="Can get media for choice" file="Enhanced Media System (Tests\Feature\EnhancedMediaSystem)::Can get media for choice" class="Tests\Feature\EnhancedMediaSystemTest" classname="Tests.Feature.EnhancedMediaSystemTest" assertions="1" time="0.009901"/>
        <testcase name="Can update media metadata" file="Enhanced Media System (Tests\Feature\EnhancedMediaSystem)::Can update media metadata" class="Tests\Feature\EnhancedMediaSystemTest" classname="Tests.Feature.EnhancedMediaSystemTest" assertions="5" time="0.017834"/>
        <testcase name="Can delete media" file="Enhanced Media System (Tests\Feature\EnhancedMediaSystem)::Can delete media" class="Tests\Feature\EnhancedMediaSystemTest" classname="Tests.Feature.EnhancedMediaSystemTest" assertions="3" time="0.010794"/>
        <testcase name="Can get collections for survey" file="Enhanced Media System (Tests\Feature\EnhancedMediaSystem)::Can get collections for survey" class="Tests\Feature\EnhancedMediaSystemTest" classname="Tests.Feature.EnhancedMediaSystemTest" assertions="2" time="0.008018"/>
        <testcase name="Can get collections for survey page" file="Enhanced Media System (Tests\Feature\EnhancedMediaSystem)::Can get collections for survey page" class="Tests\Feature\EnhancedMediaSystemTest" classname="Tests.Feature.EnhancedMediaSystemTest" assertions="2" time="0.008306"/>
        <testcase name="Can get collections for question" file="Enhanced Media System (Tests\Feature\EnhancedMediaSystem)::Can get collections for question" class="Tests\Feature\EnhancedMediaSystemTest" classname="Tests.Feature.EnhancedMediaSystemTest" assertions="2" time="0.009339"/>
        <testcase name="Can get collections for choice" file="Enhanced Media System (Tests\Feature\EnhancedMediaSystem)::Can get collections for choice" class="Tests\Feature\EnhancedMediaSystemTest" classname="Tests.Feature.EnhancedMediaSystemTest" assertions="2" time="0.010971"/>
        <testcase name="Returns 404 for invalid model" file="Enhanced Media System (Tests\Feature\EnhancedMediaSystem)::Returns 404 for invalid model" class="Tests\Feature\EnhancedMediaSystemTest" classname="Tests.Feature.EnhancedMediaSystemTest" assertions="2" time="0.008542"/>
        <testcase name="Returns 400 when no file provided" file="Enhanced Media System (Tests\Feature\EnhancedMediaSystem)::Returns 400 when no file provided" class="Tests\Feature\EnhancedMediaSystemTest" classname="Tests.Feature.EnhancedMediaSystemTest" assertions="2" time="0.008067"/>
        <testcase name="Requires authentication" file="Enhanced Media System (Tests\Feature\EnhancedMediaSystem)::Requires authentication" class="Tests\Feature\EnhancedMediaSystemTest" classname="Tests.Feature.EnhancedMediaSystemTest" assertions="1" time="0.007384"/>
        <testcase name="Media collections are specific to models" file="Enhanced Media System (Tests\Feature\EnhancedMediaSystem)::Media collections are specific to models" class="Tests\Feature\EnhancedMediaSystemTest" classname="Tests.Feature.EnhancedMediaSystemTest" assertions="5" time="0.010315"/>
      </testsuite>
      <testsuite name="Tests\Feature\ExampleTest" file="tests/Feature/ExampleTest.php" tests="1" assertions="1" errors="0" failures="0" skipped="0" time="0.017273">
        <testcase name="the application returns a successful response" file="tests/Feature/ExampleTest.php::the application returns a successful response" class="Tests\Feature\ExampleTest" classname="Tests.Feature.ExampleTest" assertions="1" time="0.017273"/>
      </testsuite>
      <testsuite name="Tests\Feature\ResponseFlowTest" file="Response Flow (Tests\Feature\ResponseFlow)" tests="13" assertions="62" errors="0" failures="0" skipped="0" time="0.142245">
        <testcase name="Can start response" file="Response Flow (Tests\Feature\ResponseFlow)::Can start response" class="Tests\Feature\ResponseFlowTest" classname="Tests.Feature.ResponseFlowTest" assertions="9" time="0.009892"/>
        <testcase name="Can submit complete response" file="Response Flow (Tests\Feature\ResponseFlow)::Can submit complete response" class="Tests\Feature\ResponseFlowTest" classname="Tests.Feature.ResponseFlowTest" assertions="5" time="0.011038"/>
        <testcase name="Can submit anonymous response" file="Response Flow (Tests\Feature\ResponseFlow)::Can submit anonymous response" class="Tests\Feature\ResponseFlowTest" classname="Tests.Feature.ResponseFlowTest" assertions="2" time="0.009832"/>
        <testcase name="Can submit authenticated response" file="Response Flow (Tests\Feature\ResponseFlow)::Can submit authenticated response" class="Tests\Feature\ResponseFlowTest" classname="Tests.Feature.ResponseFlowTest" assertions="2" time="0.010117"/>
        <testcase name="Cannot submit to inactive survey" file="Response Flow (Tests\Feature\ResponseFlow)::Cannot submit to inactive survey" class="Tests\Feature\ResponseFlowTest" classname="Tests.Feature.ResponseFlowTest" assertions="1" time="0.009211"/>
        <testcase name="Cannot submit to expired survey" file="Response Flow (Tests\Feature\ResponseFlow)::Cannot submit to expired survey" class="Tests\Feature\ResponseFlowTest" classname="Tests.Feature.ResponseFlowTest" assertions="1" time="0.010276"/>
        <testcase name="Cannot exceed max responses" file="Response Flow (Tests\Feature\ResponseFlow)::Cannot exceed max responses" class="Tests\Feature\ResponseFlowTest" classname="Tests.Feature.ResponseFlowTest" assertions="1" time="0.015784"/>
        <testcase name="Response validation rules" file="Response Flow (Tests\Feature\ResponseFlow)::Response validation rules" class="Tests\Feature\ResponseFlowTest" classname="Tests.Feature.ResponseFlowTest" assertions="6" time="0.008454"/>
        <testcase name="Answer validation rules" file="Response Flow (Tests\Feature\ResponseFlow)::Answer validation rules" class="Tests\Feature\ResponseFlowTest" classname="Tests.Feature.ResponseFlowTest" assertions="18" time="0.013203"/>
        <testcase name="Can get response statistics" file="Response Flow (Tests\Feature\ResponseFlow)::Can get response statistics" class="Tests\Feature\ResponseFlowTest" classname="Tests.Feature.ResponseFlowTest" assertions="5" time="0.015984"/>
        <testcase name="Can get response details" file="Response Flow (Tests\Feature\ResponseFlow)::Can get response details" class="Tests\Feature\ResponseFlowTest" classname="Tests.Feature.ResponseFlowTest" assertions="10" time="0.012474"/>
        <testcase name="Response not found" file="Response Flow (Tests\Feature\ResponseFlow)::Response not found" class="Tests\Feature\ResponseFlowTest" classname="Tests.Feature.ResponseFlowTest" assertions="1" time="0.007860"/>
        <testcase name="Cannot submit to nonexistent response" file="Response Flow (Tests\Feature\ResponseFlow)::Cannot submit to nonexistent response" class="Tests\Feature\ResponseFlowTest" classname="Tests.Feature.ResponseFlowTest" assertions="1" time="0.008120"/>
      </testsuite>
      <testsuite name="Tests\Feature\RoleManagementTest" file="Role Management (Tests\Feature\RoleManagement)" tests="17" assertions="35" errors="0" failures="0" skipped="0" time="0.172221">
        <testcase name="Can get all roles" file="Role Management (Tests\Feature\RoleManagement)::Can get all roles" class="Tests\Feature\RoleManagementTest" classname="Tests.Feature.RoleManagementTest" assertions="3" time="0.013790"/>
        <testcase name="Can assign role to user" file="Role Management (Tests\Feature\RoleManagement)::Can assign role to user" class="Tests\Feature\RoleManagementTest" classname="Tests.Feature.RoleManagementTest" assertions="3" time="0.010778"/>
        <testcase name="Can assign role to survey" file="Role Management (Tests\Feature\RoleManagement)::Can assign role to survey" class="Tests\Feature\RoleManagementTest" classname="Tests.Feature.RoleManagementTest" assertions="3" time="0.009011"/>
        <testcase name="Can remove role from user" file="Role Management (Tests\Feature\RoleManagement)::Can remove role from user" class="Tests\Feature\RoleManagementTest" classname="Tests.Feature.RoleManagementTest" assertions="3" time="0.010613"/>
        <testcase name="Can remove role from survey" file="Role Management (Tests\Feature\RoleManagement)::Can remove role from survey" class="Tests\Feature\RoleManagementTest" classname="Tests.Feature.RoleManagementTest" assertions="3" time="0.009860"/>
        <testcase name="Can get user roles" file="Role Management (Tests\Feature\RoleManagement)::Can get user roles" class="Tests\Feature\RoleManagementTest" classname="Tests.Feature.RoleManagementTest" assertions="3" time="0.012965"/>
        <testcase name="Can get survey roles" file="Role Management (Tests\Feature\RoleManagement)::Can get survey roles" class="Tests\Feature\RoleManagementTest" classname="Tests.Feature.RoleManagementTest" assertions="3" time="0.011218"/>
        <testcase name="Can check user has role" file="Role Management (Tests\Feature\RoleManagement)::Can check user has role" class="Tests\Feature\RoleManagementTest" classname="Tests.Feature.RoleManagementTest" assertions="2" time="0.010959"/>
        <testcase name="Can check user does not have role" file="Role Management (Tests\Feature\RoleManagement)::Can check user does not have role" class="Tests\Feature\RoleManagementTest" classname="Tests.Feature.RoleManagementTest" assertions="2" time="0.008781"/>
        <testcase name="Can check survey has role" file="Role Management (Tests\Feature\RoleManagement)::Can check survey has role" class="Tests\Feature\RoleManagementTest" classname="Tests.Feature.RoleManagementTest" assertions="2" time="0.009153"/>
        <testcase name="Can check survey does not have role" file="Role Management (Tests\Feature\RoleManagement)::Can check survey does not have role" class="Tests\Feature\RoleManagementTest" classname="Tests.Feature.RoleManagementTest" assertions="2" time="0.009338"/>
        <testcase name="Assign role requires authentication" file="Role Management (Tests\Feature\RoleManagement)::Assign role requires authentication" class="Tests\Feature\RoleManagementTest" classname="Tests.Feature.RoleManagementTest" assertions="1" time="0.009107"/>
        <testcase name="Assign role validates role exists" file="Role Management (Tests\Feature\RoleManagement)::Assign role validates role exists" class="Tests\Feature\RoleManagementTest" classname="Tests.Feature.RoleManagementTest" assertions="1" time="0.009185"/>
        <testcase name="Assign role validates user exists" file="Role Management (Tests\Feature\RoleManagement)::Assign role validates user exists" class="Tests\Feature\RoleManagementTest" classname="Tests.Feature.RoleManagementTest" assertions="1" time="0.009891"/>
        <testcase name="Assign role validates survey exists" file="Role Management (Tests\Feature\RoleManagement)::Assign role validates survey exists" class="Tests\Feature\RoleManagementTest" classname="Tests.Feature.RoleManagementTest" assertions="1" time="0.010032"/>
        <testcase name="Returns 404 for nonexistent user" file="Role Management (Tests\Feature\RoleManagement)::Returns 404 for nonexistent user" class="Tests\Feature\RoleManagementTest" classname="Tests.Feature.RoleManagementTest" assertions="1" time="0.008578"/>
        <testcase name="Returns 404 for nonexistent survey" file="Role Management (Tests\Feature\RoleManagement)::Returns 404 for nonexistent survey" class="Tests\Feature\RoleManagementTest" classname="Tests.Feature.RoleManagementTest" assertions="1" time="0.008961"/>
      </testsuite>
      <testsuite name="Tests\Feature\ValidationErrorTest" file="Validation Error (Tests\Feature\ValidationError)" tests="12" assertions="160" errors="0" failures="0" skipped="0" time="0.132314">
        <testcase name="Register validation errors" file="Validation Error (Tests\Feature\ValidationError)::Register validation errors" class="Tests\Feature\ValidationErrorTest" classname="Tests.Feature.ValidationErrorTest" assertions="17" time="0.015090"/>
        <testcase name="Login validation errors" file="Validation Error (Tests\Feature\ValidationError)::Login validation errors" class="Tests\Feature\ValidationErrorTest" classname="Tests.Feature.ValidationErrorTest" assertions="7" time="0.007996"/>
        <testcase name="Google login validation errors" file="Validation Error (Tests\Feature\ValidationError)::Google login validation errors" class="Tests\Feature\ValidationErrorTest" classname="Tests.Feature.ValidationErrorTest" assertions="6" time="0.012232"/>
        <testcase name="Survey create validation errors" file="Validation Error (Tests\Feature\ValidationError)::Survey create validation errors" class="Tests\Feature\ValidationErrorTest" classname="Tests.Feature.ValidationErrorTest" assertions="25" time="0.012908"/>
        <testcase name="Question create validation errors" file="Validation Error (Tests\Feature\ValidationError)::Question create validation errors" class="Tests\Feature\ValidationErrorTest" classname="Tests.Feature.ValidationErrorTest" assertions="19" time="0.010477"/>
        <testcase name="Choice create validation errors" file="Validation Error (Tests\Feature\ValidationError)::Choice create validation errors" class="Tests\Feature\ValidationErrorTest" classname="Tests.Feature.ValidationErrorTest" assertions="13" time="0.009716"/>
        <testcase name="Survey page create validation errors" file="Validation Error (Tests\Feature\ValidationError)::Survey page create validation errors" class="Tests\Feature\ValidationErrorTest" classname="Tests.Feature.ValidationErrorTest" assertions="12" time="0.010157"/>
        <testcase name="Template create validation errors" file="Validation Error (Tests\Feature\ValidationError)::Template create validation errors" class="Tests\Feature\ValidationErrorTest" classname="Tests.Feature.ValidationErrorTest" assertions="12" time="0.011952"/>
        <testcase name="Media upload validation errors" file="Validation Error (Tests\Feature\ValidationError)::Media upload validation errors" class="Tests\Feature\ValidationErrorTest" classname="Tests.Feature.ValidationErrorTest" assertions="13" time="0.010596"/>
        <testcase name="Role assign validation errors" file="Validation Error (Tests\Feature\ValidationError)::Role assign validation errors" class="Tests\Feature\ValidationErrorTest" classname="Tests.Feature.ValidationErrorTest" assertions="12" time="0.010461"/>
        <testcase name="Response create validation errors" file="Validation Error (Tests\Feature\ValidationError)::Response create validation errors" class="Tests\Feature\ValidationErrorTest" classname="Tests.Feature.ValidationErrorTest" assertions="6" time="0.008076"/>
        <testcase name="Response submit validation errors" file="Validation Error (Tests\Feature\ValidationError)::Response submit validation errors" class="Tests\Feature\ValidationErrorTest" classname="Tests.Feature.ValidationErrorTest" assertions="18" time="0.012653"/>
      </testsuite>
    </testsuite>
  </testsuite>
</testsuites>
